<?xml version="1.0" encoding="UTF-8"?>
<testng-results ignored="0" total="1" passed="1" failed="0" skipped="0">
  <reporter-output>
  </reporter-output>
  <suite started-at="2024-07-08T23:30:48 IST" name="Default suite" finished-at="2024-07-08T23:30:49 IST" duration-ms="1177">
    <groups>
    </groups>
    <test started-at="2024-07-08T23:30:48 IST" name="Default test" finished-at="2024-07-08T23:30:49 IST" duration-ms="1177">
      <class name="Today.NewTest">
        <test-method is-config="true" signature="beforeSuite()[pri:0, instance:Today.NewTest@12aba8be]" started-at="2024-07-08T23:30:14 IST" name="beforeSuite" finished-at="2024-07-08T23:30:48 IST" duration-ms="34513" status="PASS">
          <reporter-output>
          </reporter-output>
        </test-method> <!-- beforeSuite -->
        <test-method signature="element()[pri:0, instance:Today.NewTest@12aba8be]" started-at="2024-07-08T23:30:48 IST" name="element" finished-at="2024-07-08T23:30:49 IST" duration-ms="1135" status="PASS">
          <reporter-output>
          </reporter-output>
        </test-method> <!-- element -->
        <test-method is-config="true" signature="afterSuite()[pri:0, instance:Today.NewTest@12aba8be]" started-at="2024-07-08T23:30:49 IST" name="afterSuite" finished-at="2024-07-08T23:30:50 IST" duration-ms="249" status="PASS">
          <reporter-output>
          </reporter-output>
        </test-method> <!-- afterSuite -->
      </class> <!-- Today.NewTest -->
    </test> <!-- Default test -->
  </suite> <!-- Default suite -->
</testng-results>
